[    0.000000] ACPI: RSDP 00000000000e0000 00024 (v02 PRLS  )
[    0.000000] ACPI: XSDT 000000007fff2d00 0004C (v01 PRLS   PRLS_OEM 00000001 INTL 20051216)
[    0.000000] ACPI: FACP 000000007ffee0c0 000F4 (v03 PRLS   PRLS_OEM 00000001 INTL 20051216)
[    0.000000] ACPI: DSDT 000000007ffee440 0483A (v02 PRLS   PRLSACPI 00001001 INTL 20051216)
[    0.000000] ACPI: FACS 000000007ffee1c0 00040
[    0.000000] ACPI: APIC 000000007ffee200 00216 (v01 PRLS   PRLS_OEM 00000001 INTL 20051216)
[    0.000000] ACPI: HPET 000000007fff2c80 00038 (v00 PRLS   PRLS_OEM 00000001 INTL 20051216)
[    0.000000] ACPI: MCFG 000000007fff2cc0 0003C (v01 PRLS   PRLS_OEM 00000001 INTL 20051216)
[    0.000000] ACPI: OEM1 000000007fff2d80 00394 (v01 PRLS   PRLS_OEM 00000001 INTL 20051216)
[    0.000000] ACPI: Local APIC address 0xfee00000
[    0.000000] ACPI: PM-Timer IO Port: 0x4008
[    0.000000] ACPI: Local APIC address 0xfee00000
[    0.000000] ACPI: LAPIC (acpi_id[0x00] lapic_id[0x00] enabled)
[    0.000000] ACPI: LAPIC (acpi_id[0x01] lapic_id[0x01] enabled)
[    0.000000] ACPI: LAPIC (acpi_id[0x02] lapic_id[0x02] disabled)
[    0.000000] ACPI: LAPIC (acpi_id[0x03] lapic_id[0x03] disabled)
[    0.000000] ACPI: LAPIC (acpi_id[0x04] lapic_id[0x04] disabled)
[    0.000000] ACPI: LAPIC (acpi_id[0x05] lapic_id[0x05] disabled)
[    0.000000] ACPI: LAPIC (acpi_id[0x06] lapic_id[0x06] disabled)
[    0.000000] ACPI: LAPIC (acpi_id[0x07] lapic_id[0x07] disabled)
[    0.000000] ACPI: LAPIC (acpi_id[0x08] lapic_id[0x08] disabled)
[    0.000000] ACPI: LAPIC (acpi_id[0x09] lapic_id[0x09] disabled)
[    0.000000] ACPI: LAPIC (acpi_id[0x0a] lapic_id[0x0a] disabled)
[    0.000000] ACPI: LAPIC (acpi_id[0x0b] lapic_id[0x0b] disabled)
[    0.000000] ACPI: LAPIC (acpi_id[0x0c] lapic_id[0x0c] disabled)
[    0.000000] ACPI: LAPIC (acpi_id[0x0d] lapic_id[0x0d] disabled)
[    0.000000] ACPI: LAPIC (acpi_id[0x0e] lapic_id[0x0e] disabled)
[    0.000000] ACPI: LAPIC (acpi_id[0x0f] lapic_id[0x0f] disabled)
[    0.000000] ACPI: LAPIC (acpi_id[0x10] lapic_id[0x10] disabled)
[    0.000000] ACPI: LAPIC (acpi_id[0x11] lapic_id[0x11] disabled)
[    0.000000] ACPI: LAPIC (acpi_id[0x12] lapic_id[0x12] disabled)
[    0.000000] ACPI: LAPIC (acpi_id[0x13] lapic_id[0x13] disabled)
[    0.000000] ACPI: LAPIC (acpi_id[0x14] lapic_id[0x14] disabled)
[    0.000000] ACPI: LAPIC (acpi_id[0x15] lapic_id[0x15] disabled)
[    0.000000] ACPI: LAPIC (acpi_id[0x16] lapic_id[0x16] disabled)
[    0.000000] ACPI: LAPIC (acpi_id[0x17] lapic_id[0x17] disabled)
[    0.000000] ACPI: LAPIC (acpi_id[0x18] lapic_id[0x18] disabled)
[    0.000000] ACPI: LAPIC (acpi_id[0x19] lapic_id[0x19] disabled)
[    0.000000] ACPI: LAPIC (acpi_id[0x1a] lapic_id[0x1a] disabled)
[    0.000000] ACPI: LAPIC (acpi_id[0x1b] lapic_id[0x1b] disabled)
[    0.000000] ACPI: LAPIC (acpi_id[0x1c] lapic_id[0x1c] disabled)
[    0.000000] ACPI: LAPIC (acpi_id[0x1d] lapic_id[0x1d] disabled)
[    0.000000] ACPI: LAPIC (acpi_id[0x1e] lapic_id[0x1e] disabled)
[    0.000000] ACPI: LAPIC (acpi_id[0x1f] lapic_id[0x1f] disabled)
[    0.000000] ACPI: LAPIC_NMI (acpi_id[0x00] high edge lint[0x1])
[    0.000000] ACPI: LAPIC_NMI (acpi_id[0x01] high edge lint[0x1])
[    0.000000] ACPI: LAPIC_NMI (acpi_id[0x02] high edge lint[0x1])
[    0.000000] ACPI: LAPIC_NMI (acpi_id[0x03] high edge lint[0x1])
[    0.000000] ACPI: LAPIC_NMI (acpi_id[0x04] high edge lint[0x1])
[    0.000000] ACPI: LAPIC_NMI (acpi_id[0x05] high edge lint[0x1])
[    0.000000] ACPI: LAPIC_NMI (acpi_id[0x06] high edge lint[0x1])
[    0.000000] ACPI: LAPIC_NMI (acpi_id[0x07] high edge lint[0x1])
[    0.000000] ACPI: LAPIC_NMI (acpi_id[0x08] high edge lint[0x1])
[    0.000000] ACPI: LAPIC_NMI (acpi_id[0x09] high edge lint[0x1])
[    0.000000] ACPI: LAPIC_NMI (acpi_id[0x0a] high edge lint[0x1])
[    0.000000] ACPI: LAPIC_NMI (acpi_id[0x0b] high edge lint[0x1])
[    0.000000] ACPI: LAPIC_NMI (acpi_id[0x0c] high edge lint[0x1])
[    0.000000] ACPI: LAPIC_NMI (acpi_id[0x0d] high edge lint[0x1])
[    0.000000] ACPI: LAPIC_NMI (acpi_id[0x0e] high edge lint[0x1])
[    0.000000] ACPI: LAPIC_NMI (acpi_id[0x0f] high edge lint[0x1])
[    0.000000] ACPI: LAPIC_NMI (acpi_id[0x10] high edge lint[0x1])
[    0.000000] ACPI: LAPIC_NMI (acpi_id[0x11] high edge lint[0x1])
[    0.000000] ACPI: LAPIC_NMI (acpi_id[0x12] high edge lint[0x1])
[    0.000000] ACPI: LAPIC_NMI (acpi_id[0x13] high edge lint[0x1])
[    0.000000] ACPI: LAPIC_NMI (acpi_id[0x14] high edge lint[0x1])
[    0.000000] ACPI: LAPIC_NMI (acpi_id[0x15] high edge lint[0x1])
[    0.000000] ACPI: LAPIC_NMI (acpi_id[0x16] high edge lint[0x1])
[    0.000000] ACPI: LAPIC_NMI (acpi_id[0x17] high edge lint[0x1])
[    0.000000] ACPI: LAPIC_NMI (acpi_id[0x18] high edge lint[0x1])
[    0.000000] ACPI: LAPIC_NMI (acpi_id[0x19] high edge lint[0x1])
[    0.000000] ACPI: LAPIC_NMI (acpi_id[0x1a] high edge lint[0x1])
[    0.000000] ACPI: LAPIC_NMI (acpi_id[0x1b] high edge lint[0x1])
[    0.000000] ACPI: LAPIC_NMI (acpi_id[0x1c] high edge lint[0x1])
[    0.000000] ACPI: LAPIC_NMI (acpi_id[0x1d] high edge lint[0x1])
[    0.000000] ACPI: LAPIC_NMI (acpi_id[0x1e] high edge lint[0x1])
[    0.000000] ACPI: LAPIC_NMI (acpi_id[0x1f] high edge lint[0x1])
[    0.000000] ACPI: IOAPIC (id[0x00] address[0xfec00000] gsi_base[0])
[    0.000000] ACPI: INT_SRC_OVR (bus 0 bus_irq 0 global_irq 2 dfl dfl)
[    0.000000] ACPI: INT_SRC_OVR (bus 0 bus_irq 14 global_irq 14 dfl edge)
[    0.000000] ACPI: INT_SRC_OVR (bus 0 bus_irq 15 global_irq 15 dfl edge)
[    0.000000] ACPI: IRQ0 used by override.
[    0.000000] ACPI: IRQ9 used by override.
[    0.000000] ACPI: IRQ14 used by override.
[    0.000000] ACPI: IRQ15 used by override.
[    0.000000] ACPI: HPET id: 0x8086a701 base: 0xfed00000
[    0.017827] ACPI: Core revision 20130517
[    0.017927] ACPI: All ACPI Tables successfully acquired
[    0.035054] ACPI: bus type PCI registered
[    0.041146] ACPI: Added _OSI(Module Device)
[    0.041150] ACPI: Added _OSI(Processor Device)
[    0.041153] ACPI: Added _OSI(3.0 _SCP Extensions)
[    0.041157] ACPI: Added _OSI(Processor Aggregator Device)
[    0.041767] ACPI: EC: Look up EC in DSDT
[    0.042763] ACPI: Executed 1 blocks of module-level executable AML code
[    0.048826] ACPI: Interpreter enabled
[    0.048830] ACPI: (supports S0 S3 S4 S5)
[    0.048834] ACPI: Using IOAPIC for interrupt routing
[    0.050850] ACPI: PCI Root Bridge [PCI0] (domain 0000 [bus 00-7f])
[    0.059936] ACPI: Enabled 3 GPEs in block 00 to 0F
[    0.059940] ACPI: EC: GPE = 0xa, I/O: command/status = 0x66, data = 0x62
[    0.060008] ACPI: bus type USB registered
[    0.092016] ACPI: bus type PNP registered
[    0.098024] pnp: PnP ACPI: found 5 devices
[    0.098028] ACPI: bus type PNP unregistered
[    1.998077] ACPI: AC Adapter [ADP0] (on-line)
[    1.998583] ACPI: Power Button [PWRF]
[    1.998595] ACPI: Sleep Button [SLPF]
[    2.047401] ACPI: Battery Slot [BAT0] (battery present)
[    8.111211] ACPI: If an ACPI driver is available for this device, you should use it instead of the native driver
[    0.000000] ACPI: RSDP 00000000000e0000 00024 (v02 PRLS  )
[    0.000000] ACPI: XSDT 000000007fff2d00 0004C (v01 PRLS   PRLS_OEM 00000001 INTL 20051216)
[    0.000000] ACPI: FACP 000000007ffee0c0 000F4 (v03 PRLS   PRLS_OEM 00000001 INTL 20051216)
[    0.000000] ACPI: DSDT 000000007ffee440 0483A (v02 PRLS   PRLSACPI 00001001 INTL 20051216)
[    0.000000] ACPI: FACS 000000007ffee1c0 00040
[    0.000000] ACPI: APIC 000000007ffee200 00216 (v01 PRLS   PRLS_OEM 00000001 INTL 20051216)
[    0.000000] ACPI: HPET 000000007fff2c80 00038 (v00 PRLS   PRLS_OEM 00000001 INTL 20051216)
[    0.000000] ACPI: MCFG 000000007fff2cc0 0003C (v01 PRLS   PRLS_OEM 00000001 INTL 20051216)
[    0.000000] ACPI: OEM1 000000007fff2d80 00394 (v01 PRLS   PRLS_OEM 00000001 INTL 20051216)
[    0.000000] ACPI: Local APIC address 0xfee00000
[    0.000000] ACPI: PM-Timer IO Port: 0x4008
[    0.000000] ACPI: Local APIC address 0xfee00000
[    0.000000] ACPI: LAPIC (acpi_id[0x00] lapic_id[0x00] enabled)
[    0.000000] ACPI: LAPIC (acpi_id[0x01] lapic_id[0x01] enabled)
[    0.000000] ACPI: LAPIC (acpi_id[0x02] lapic_id[0x02] disabled)
[    0.000000] ACPI: LAPIC (acpi_id[0x03] lapic_id[0x03] disabled)
[    0.000000] ACPI: LAPIC (acpi_id[0x04] lapic_id[0x04] disabled)
[    0.000000] ACPI: LAPIC (acpi_id[0x05] lapic_id[0x05] disabled)
[    0.000000] ACPI: LAPIC (acpi_id[0x06] lapic_id[0x06] disabled)
[    0.000000] ACPI: LAPIC (acpi_id[0x07] lapic_id[0x07] disabled)
[    0.000000] ACPI: LAPIC (acpi_id[0x08] lapic_id[0x08] disabled)
[    0.000000] ACPI: LAPIC (acpi_id[0x09] lapic_id[0x09] disabled)
[    0.000000] ACPI: LAPIC (acpi_id[0x0a] lapic_id[0x0a] disabled)
[    0.000000] ACPI: LAPIC (acpi_id[0x0b] lapic_id[0x0b] disabled)
[    0.000000] ACPI: LAPIC (acpi_id[0x0c] lapic_id[0x0c] disabled)
[    0.000000] ACPI: LAPIC (acpi_id[0x0d] lapic_id[0x0d] disabled)
[    0.000000] ACPI: LAPIC (acpi_id[0x0e] lapic_id[0x0e] disabled)
[    0.000000] ACPI: LAPIC (acpi_id[0x0f] lapic_id[0x0f] disabled)
[    0.000000] ACPI: LAPIC (acpi_id[0x10] lapic_id[0x10] disabled)
[    0.000000] ACPI: LAPIC (acpi_id[0x11] lapic_id[0x11] disabled)
[    0.000000] ACPI: LAPIC (acpi_id[0x12] lapic_id[0x12] disabled)
[    0.000000] ACPI: LAPIC (acpi_id[0x13] lapic_id[0x13] disabled)
[    0.000000] ACPI: LAPIC (acpi_id[0x14] lapic_id[0x14] disabled)
[    0.000000] ACPI: LAPIC (acpi_id[0x15] lapic_id[0x15] disabled)
[    0.000000] ACPI: LAPIC (acpi_id[0x16] lapic_id[0x16] disabled)
[    0.000000] ACPI: LAPIC (acpi_id[0x17] lapic_id[0x17] disabled)
[    0.000000] ACPI: LAPIC (acpi_id[0x18] lapic_id[0x18] disabled)
[    0.000000] ACPI: LAPIC (acpi_id[0x19] lapic_id[0x19] disabled)
[    0.000000] ACPI: LAPIC (acpi_id[0x1a] lapic_id[0x1a] disabled)
[    0.000000] ACPI: LAPIC (acpi_id[0x1b] lapic_id[0x1b] disabled)
[    0.000000] ACPI: LAPIC (acpi_id[0x1c] lapic_id[0x1c] disabled)
[    0.000000] ACPI: LAPIC (acpi_id[0x1d] lapic_id[0x1d] disabled)
[    0.000000] ACPI: LAPIC (acpi_id[0x1e] lapic_id[0x1e] disabled)
[    0.000000] ACPI: LAPIC (acpi_id[0x1f] lapic_id[0x1f] disabled)
[    0.000000] ACPI: LAPIC_NMI (acpi_id[0x00] high edge lint[0x1])
[    0.000000] ACPI: LAPIC_NMI (acpi_id[0x01] high edge lint[0x1])
[    0.000000] ACPI: LAPIC_NMI (acpi_id[0x02] high edge lint[0x1])
[    0.000000] ACPI: LAPIC_NMI (acpi_id[0x03] high edge lint[0x1])
[    0.000000] ACPI: LAPIC_NMI (acpi_id[0x04] high edge lint[0x1])
[    0.000000] ACPI: LAPIC_NMI (acpi_id[0x05] high edge lint[0x1])
[    0.000000] ACPI: LAPIC_NMI (acpi_id[0x06] high edge lint[0x1])
[    0.000000] ACPI: LAPIC_NMI (acpi_id[0x07] high edge lint[0x1])
[    0.000000] ACPI: LAPIC_NMI (acpi_id[0x08] high edge lint[0x1])
[    0.000000] ACPI: LAPIC_NMI (acpi_id[0x09] high edge lint[0x1])
[    0.000000] ACPI: LAPIC_NMI (acpi_id[0x0a] high edge lint[0x1])
[    0.000000] ACPI: LAPIC_NMI (acpi_id[0x0b] high edge lint[0x1])
[    0.000000] ACPI: LAPIC_NMI (acpi_id[0x0c] high edge lint[0x1])
[    0.000000] ACPI: LAPIC_NMI (acpi_id[0x0d] high edge lint[0x1])
[    0.000000] ACPI: LAPIC_NMI (acpi_id[0x0e] high edge lint[0x1])
[    0.000000] ACPI: LAPIC_NMI (acpi_id[0x0f] high edge lint[0x1])
[    0.000000] ACPI: LAPIC_NMI (acpi_id[0x10] high edge lint[0x1])
[    0.000000] ACPI: LAPIC_NMI (acpi_id[0x11] high edge lint[0x1])
[    0.000000] ACPI: LAPIC_NMI (acpi_id[0x12] high edge lint[0x1])
[    0.000000] ACPI: LAPIC_NMI (acpi_id[0x13] high edge lint[0x1])
[    0.000000] ACPI: LAPIC_NMI (acpi_id[0x14] high edge lint[0x1])
[    0.000000] ACPI: LAPIC_NMI (acpi_id[0x15] high edge lint[0x1])
[    0.000000] ACPI: LAPIC_NMI (acpi_id[0x16] high edge lint[0x1])
[    0.000000] ACPI: LAPIC_NMI (acpi_id[0x17] high edge lint[0x1])
[    0.000000] ACPI: LAPIC_NMI (acpi_id[0x18] high edge lint[0x1])
[    0.000000] ACPI: LAPIC_NMI (acpi_id[0x19] high edge lint[0x1])
[    0.000000] ACPI: LAPIC_NMI (acpi_id[0x1a] high edge lint[0x1])
[    0.000000] ACPI: LAPIC_NMI (acpi_id[0x1b] high edge lint[0x1])
[    0.000000] ACPI: LAPIC_NMI (acpi_id[0x1c] high edge lint[0x1])
[    0.000000] ACPI: LAPIC_NMI (acpi_id[0x1d] high edge lint[0x1])
[    0.000000] ACPI: LAPIC_NMI (acpi_id[0x1e] high edge lint[0x1])
[    0.000000] ACPI: LAPIC_NMI (acpi_id[0x1f] high edge lint[0x1])
[    0.000000] ACPI: IOAPIC (id[0x00] address[0xfec00000] gsi_base[0])
[    0.000000] ACPI: INT_SRC_OVR (bus 0 bus_irq 0 global_irq 2 dfl dfl)
[    0.000000] ACPI: INT_SRC_OVR (bus 0 bus_irq 14 global_irq 14 dfl edge)
[    0.000000] ACPI: INT_SRC_OVR (bus 0 bus_irq 15 global_irq 15 dfl edge)
[    0.000000] ACPI: IRQ0 used by override.
[    0.000000] ACPI: IRQ9 used by override.
[    0.000000] ACPI: IRQ14 used by override.
[    0.000000] ACPI: IRQ15 used by override.
[    0.000000] ACPI: HPET id: 0x8086a701 base: 0xfed00000
[    0.005337] ACPI: Core revision 20130517
[    0.005563] ACPI: All ACPI Tables successfully acquired
[    0.023494] ACPI: bus type PCI registered
[    0.027501] ACPI: Added _OSI(Module Device)
[    0.027505] ACPI: Added _OSI(Processor Device)
[    0.027509] ACPI: Added _OSI(3.0 _SCP Extensions)
[    0.027512] ACPI: Added _OSI(Processor Aggregator Device)
[    0.028219] ACPI: EC: Look up EC in DSDT
[    0.029190] ACPI: Executed 1 blocks of module-level executable AML code
[    0.035250] ACPI: Interpreter enabled
[    0.035254] ACPI: (supports S0 S3 S4 S5)
[    0.035258] ACPI: Using IOAPIC for interrupt routing
[    0.037278] ACPI: PCI Root Bridge [PCI0] (domain 0000 [bus 00-7f])
[    0.046346] ACPI: Enabled 3 GPEs in block 00 to 0F
[    0.046350] ACPI: EC: GPE = 0xa, I/O: command/status = 0x66, data = 0x62
[    0.046418] ACPI: bus type USB registered
[    0.053466] ACPI: bus type PNP registered
[    0.058462] pnp: PnP ACPI: found 5 devices
[    0.058466] ACPI: bus type PNP unregistered
[    0.905169] ACPI: AC Adapter [ADP0] (off-line)
[    0.905746] ACPI: Power Button [PWRF]
[    0.905758] ACPI: Sleep Button [SLPF]
[    0.919722] ACPI: Battery Slot [BAT0] (battery present)
[    4.396533] ACPI: If an ACPI driver is available for this device, you should use it instead of the native driver
